<?xml version="1.0" encoding="UTF-8"?>
<!-- Generated by org.testng.reporters.JUnitReportReporter -->
<testsuite hostname="DESKTOP-PSORTJL" name="com.qa.crm.test.LoginPageTests" tests="3" failures="0" timestamp="30 Jan 2019 16:32:34 GMT" time="41.447" errors="0">
  <testcase name="verifyLogoDisplayed" time="12.923" classname="com.qa.crm.test.LoginPageTests"/>
  <testcase name="verifyTitle" time="15.691" classname="com.qa.crm.test.LoginPageTests"/>
  <testcase name="login" time="12.833" classname="com.qa.crm.test.LoginPageTests"/>
</testsuite> <!-- com.qa.crm.test.LoginPageTests -->
