<?xml version="1.0" encoding="UTF-8"?>
<!-- Generated by org.testng.reporters.JUnitReportReporter -->
<testsuite hostname="DESKTOP-PSORTJL" name="com.qa.crm.test.HomePageTests" tests="2" failures="0" timestamp="30 Jan 2019 17:02:05 GMT" time="40.805" errors="0">
  <testcase name="verifyUserNameLabel" time="20.076" classname="com.qa.crm.test.HomePageTests"/>
  <testcase name="verifyPageTitleTest" time="20.729" classname="com.qa.crm.test.HomePageTests"/>
</testsuite> <!-- com.qa.crm.test.HomePageTests -->
